<?xml version="1.0" encoding="UTF-8"?>
<!-- Generated by org.testng.reporters.JUnitXMLReporter -->
<testsuite ignored="0" hostname="Sumaias-MacBook-Air.local" failures="1" tests="8" name="Registration and Login" time="11.602" errors="0" timestamp="2023-08-19T00:21:31 BST">
  <testcase classname="utility.BaseClass1" name="@BeforeClass appInitialize" time="7.502">
    <failure type="org.openqa.selenium.WebDriverException" message="TypeError: this.curBrowser.contentBrowser is null
Build info: version: &amp;apos;4.10.0&amp;apos;, revision: &amp;apos;c14d967899&amp;apos;
System info: os.name: &amp;apos;Mac OS X&amp;apos;, os.arch: &amp;apos;x86_64&amp;apos;, os.version: &amp;apos;10.15.7&amp;apos;, java.version: &amp;apos;20.0.1&amp;apos;
Driver info: org.openqa.selenium.firefox.FirefoxDriver
Command: [4738d994-c29f-42b8-80c0-57367aeff6cc, get {url=https://uprightautomation.online/registration/}]
Capabilities {acceptInsecureCerts: true, browserName: firefox, browserVersion: 116.0.2, moz:accessibilityChecks: false, moz:buildID: 20230805021307, moz:debuggerAddress: 127.0.0.1:34704, moz:geckodriverVersion: 0.33.0, moz:headless: false, moz:platformVersion: 19.6.0, moz:processID: 10601, moz:profile: /var/folders/07/q_pzjpd911z..., moz:shutdownTimeout: 60000, moz:webdriverClick: true, moz:windowless: false, pageLoadStrategy: normal, platformName: mac, proxy: Proxy(), se:cdp: ws://127.0.0.1:34704/devtoo..., se:cdpVersion: 85.0, setWindowRect: true, strictFileInteractability: false, timeouts: {implicit: 0, pageLoad: 300000, script: 30000}, unhandledPromptBehavior: dismiss and notify}
Session ID: 4738d994-c29f-42b8-80c0-57367aeff6cc">
      <![CDATA[org.openqa.selenium.WebDriverException: TypeError: this.curBrowser.contentBrowser is null
Build info: version: '4.10.0', revision: 'c14d967899'
System info: os.name: 'Mac OS X', os.arch: 'x86_64', os.version: '10.15.7', java.version: '20.0.1'
Driver info: org.openqa.selenium.firefox.FirefoxDriver
Command: [4738d994-c29f-42b8-80c0-57367aeff6cc, get {url=https://uprightautomation.online/registration/}]
Capabilities {acceptInsecureCerts: true, browserName: firefox, browserVersion: 116.0.2, moz:accessibilityChecks: false, moz:buildID: 20230805021307, moz:debuggerAddress: 127.0.0.1:34704, moz:geckodriverVersion: 0.33.0, moz:headless: false, moz:platformVersion: 19.6.0, moz:processID: 10601, moz:profile: /var/folders/07/q_pzjpd911z..., moz:shutdownTimeout: 60000, moz:webdriverClick: true, moz:windowless: false, pageLoadStrategy: normal, platformName: mac, proxy: Proxy(), se:cdp: ws://127.0.0.1:34704/devtoo..., se:cdpVersion: 85.0, setWindowRect: true, strictFileInteractability: false, timeouts: {implicit: 0, pageLoad: 300000, script: 30000}, unhandledPromptBehavior: dismiss and notify}
Session ID: 4738d994-c29f-42b8-80c0-57367aeff6cc
at org.openqa.selenium.remote.codec.w3c.W3CHttpResponseCodec.createException(W3CHttpResponseCodec.java:199)
at org.openqa.selenium.remote.codec.w3c.W3CHttpResponseCodec.decode(W3CHttpResponseCodec.java:132)
at org.openqa.selenium.remote.codec.w3c.W3CHttpResponseCodec.decode(W3CHttpResponseCodec.java:51)
at org.openqa.selenium.remote.HttpCommandExecutor.execute(HttpCommandExecutor.java:191)
at org.openqa.selenium.remote.service.DriverCommandExecutor.invokeExecute(DriverCommandExecutor.java:196)
at org.openqa.selenium.remote.service.DriverCommandExecutor.execute(DriverCommandExecutor.java:171)
at org.openqa.selenium.remote.RemoteWebDriver.execute(RemoteWebDriver.java:531)
at org.openqa.selenium.remote.RemoteWebDriver.get(RemoteWebDriver.java:295)
at org.openqa.selenium.remote.RemoteWebDriver$RemoteNavigation.to(RemoteWebDriver.java:984)
at utility.BaseClass1.appInitialize(BaseClass1.java:58)
at java.base/java.util.concurrent.ThreadPoolExecutor.runWorker(ThreadPoolExecutor.java:1144)
at java.base/java.util.concurrent.ThreadPoolExecutor$Worker.run(ThreadPoolExecutor.java:642)
at java.base/java.lang.Thread.run(Thread.java:1623)
... Removed 11 stack frames]]>
    </failure>
  </testcase> <!-- @BeforeClass appInitialize -->
  <testcase classname="testClasses.LoginUATest.RegistrationUATest1" name="@AfterMethod captureScreenShotonFailure" time="-1.692400887502E9">
    <skipped/>
  </testcase> <!-- @AfterMethod captureScreenShotonFailure -->
  <testcase classname="testClasses.LoginUATest.RegistrationUATest1" name="@AfterMethod captureScreenShotonFailure" time="-1.692400887503E9">
    <skipped/>
  </testcase> <!-- @AfterMethod captureScreenShotonFailure -->
  <testcase classname="testClasses.LoginUATest.RegistrationUATest1" name="@AfterMethod captureScreenShotonFailure" time="-1.692400887503E9">
    <skipped/>
  </testcase> <!-- @AfterMethod captureScreenShotonFailure -->
  <testcase classname="testClasses.LoginUATest.RegistrationUATest1" name="@AfterMethod captureScreenShotonFailure" time="-1.692400887506E9">
    <skipped/>
  </testcase> <!-- @AfterMethod captureScreenShotonFailure -->
  <testcase classname="testClasses.LoginUATest.RegistrationUATest1" name="@AfterMethod captureScreenShotonFailure" time="-1.692400887507E9">
    <skipped/>
  </testcase> <!-- @AfterMethod captureScreenShotonFailure -->
  <testcase classname="testClasses.LoginUATest.RegistrationUATest1" name="@AfterMethod captureScreenShotonFailure" time="-1.692400887513E9">
    <skipped/>
  </testcase> <!-- @AfterMethod captureScreenShotonFailure -->
  <testcase classname="utility.BaseClass1" name="@AfterClass tearDown" time="-1.692400887514E9">
    <skipped/>
  </testcase> <!-- @AfterClass tearDown -->
  <testcase classname="testClasses.LoginUATest.RegistrationUATest1" name="enterUserName" time="0.0">
    <skipped/>
  </testcase> <!-- enterUserName -->
  <testcase classname="testClasses.LoginUATest.RegistrationUATest1" name="enterSubmit" time="0.0">
    <skipped/>
  </testcase> <!-- enterSubmit -->
  <testcase classname="testClasses.LoginUATest.RegistrationUATest1" name="enterLastName" time="0.0">
    <skipped/>
  </testcase> <!-- enterLastName -->
  <testcase classname="testClasses.LoginUATest.RegistrationUATest1" name="enterLastName" time="0.0">
    <skipped/>
  </testcase> <!-- enterLastName -->
  <testcase classname="testClasses.LoginUATest.RegistrationUATest1" name="enterLastName" time="0.0">
    <skipped/>
  </testcase> <!-- enterLastName -->
  <testcase classname="testClasses.LoginUATest.RegistrationUATest1" name="enterEmail" time="0.0">
    <skipped/>
  </testcase> <!-- enterEmail -->
  <testcase classname="testClasses.LoginUATest.RegistrationUATest1" name="enterFirstName" time="0.0">
    <skipped/>
  </testcase> <!-- enterFirstName -->
  <testcase classname="testClasses.LoginUATest" name="clickOnAccount" time="1.682">
    <failure type="org.openqa.selenium.WebDriverException" message="TypeError: browsingContext.currentWindowGlobal is null
Build info: version: &amp;apos;4.10.0&amp;apos;, revision: &amp;apos;c14d967899&amp;apos;
System info: os.name: &amp;apos;Mac OS X&amp;apos;, os.arch: &amp;apos;x86_64&amp;apos;, os.version: &amp;apos;10.15.7&amp;apos;, java.version: &amp;apos;20.0.1&amp;apos;
Driver info: org.openqa.selenium.firefox.FirefoxDriver
Command: [73493e25-ff9e-49eb-a327-c8b87fc9f9e5, findElement {using=link text, value=login}]
Capabilities {acceptInsecureCerts: true, browserName: firefox, browserVersion: 116.0.2, moz:accessibilityChecks: false, moz:buildID: 20230805021307, moz:debuggerAddress: 127.0.0.1:47918, moz:geckodriverVersion: 0.33.0, moz:headless: false, moz:platformVersion: 19.6.0, moz:processID: 10600, moz:profile: /var/folders/07/q_pzjpd911z..., moz:shutdownTimeout: 60000, moz:webdriverClick: true, moz:windowless: false, pageLoadStrategy: normal, platformName: mac, proxy: Proxy(), se:cdp: ws://127.0.0.1:47918/devtoo..., se:cdpVersion: 85.0, setWindowRect: true, strictFileInteractability: false, timeouts: {implicit: 0, pageLoad: 300000, script: 30000}, unhandledPromptBehavior: dismiss and notify}
Session ID: 73493e25-ff9e-49eb-a327-c8b87fc9f9e5">
      <![CDATA[org.openqa.selenium.WebDriverException: TypeError: browsingContext.currentWindowGlobal is null
Build info: version: '4.10.0', revision: 'c14d967899'
System info: os.name: 'Mac OS X', os.arch: 'x86_64', os.version: '10.15.7', java.version: '20.0.1'
Driver info: org.openqa.selenium.firefox.FirefoxDriver
Command: [73493e25-ff9e-49eb-a327-c8b87fc9f9e5, findElement {using=link text, value=login}]
Capabilities {acceptInsecureCerts: true, browserName: firefox, browserVersion: 116.0.2, moz:accessibilityChecks: false, moz:buildID: 20230805021307, moz:debuggerAddress: 127.0.0.1:47918, moz:geckodriverVersion: 0.33.0, moz:headless: false, moz:platformVersion: 19.6.0, moz:processID: 10600, moz:profile: /var/folders/07/q_pzjpd911z..., moz:shutdownTimeout: 60000, moz:webdriverClick: true, moz:windowless: false, pageLoadStrategy: normal, platformName: mac, proxy: Proxy(), se:cdp: ws://127.0.0.1:47918/devtoo..., se:cdpVersion: 85.0, setWindowRect: true, strictFileInteractability: false, timeouts: {implicit: 0, pageLoad: 300000, script: 30000}, unhandledPromptBehavior: dismiss and notify}
Session ID: 73493e25-ff9e-49eb-a327-c8b87fc9f9e5
at org.openqa.selenium.remote.codec.w3c.W3CHttpResponseCodec.createException(W3CHttpResponseCodec.java:199)
at org.openqa.selenium.remote.codec.w3c.W3CHttpResponseCodec.decode(W3CHttpResponseCodec.java:132)
at org.openqa.selenium.remote.codec.w3c.W3CHttpResponseCodec.decode(W3CHttpResponseCodec.java:51)
at org.openqa.selenium.remote.HttpCommandExecutor.execute(HttpCommandExecutor.java:191)
at org.openqa.selenium.remote.service.DriverCommandExecutor.invokeExecute(DriverCommandExecutor.java:196)
at org.openqa.selenium.remote.service.DriverCommandExecutor.execute(DriverCommandExecutor.java:171)
at org.openqa.selenium.remote.RemoteWebDriver.execute(RemoteWebDriver.java:531)
at org.openqa.selenium.remote.ElementLocation$ElementFinder$2.findElement(ElementLocation.java:165)
at org.openqa.selenium.remote.ElementLocation.findElement(ElementLocation.java:59)
at org.openqa.selenium.remote.RemoteWebDriver.findElement(RemoteWebDriver.java:350)
at org.openqa.selenium.remote.RemoteWebDriver.findElement(RemoteWebDriver.java:344)
at org.openqa.selenium.support.pagefactory.DefaultElementLocator.findElement(DefaultElementLocator.java:68)
at org.openqa.selenium.support.pagefactory.internal.LocatingElementHandler.invoke(LocatingElementHandler.java:38)
at jdk.proxy2/jdk.proxy2.$Proxy17.click(Unknown Source)
at pageElements.LoginUAPage.clickOnLogin(LoginUAPage.java:41)
at testClasses.LoginUATest.clickOnAccount(LoginUATest.java:28)
at java.base/java.util.concurrent.ThreadPoolExecutor.runWorker(ThreadPoolExecutor.java:1144)
at java.base/java.util.concurrent.ThreadPoolExecutor$Worker.run(ThreadPoolExecutor.java:642)
at java.base/java.lang.Thread.run(Thread.java:1623)
... Removed 13 stack frames]]>
    </failure>
  </testcase> <!-- clickOnAccount -->
</testsuite> <!-- Registration and Login -->
